<?xml version="1.0" encoding="UTF-8"?>
<!-- Generated by org.testng.reporters.JUnitXMLReporter -->
<testsuite ignored="0" hostname="NS02083447MD" failures="0" tests="4" name="Default test" time="25.914" errors="0" timestamp="2020-11-13T16:30:46 EST">
  <testcase classname="com.NewTest" name="Test_MyLink" time="7.794"/>
  <testcase classname="com.NewTest" name="Test_ODA_HomePage" time="4.305"/>
  <testcase classname="com.NewTest" name="Test_ODA_Process_Workflow_Link" time="5.365"/>
  <testcase classname="com.NewTest" name="Test_ODA_RequestLink" time="8.359"/>
</testsuite> <!-- Default test -->
