<?xml version="1.0" encoding="UTF-8"?>
<testng-results ignored="0" total="4" passed="4" failed="0" skipped="0">
  <reporter-output>
  </reporter-output>
  <suite started-at="2020-11-13T16:30:20 EST" name="Default suite" finished-at="2020-11-13T16:30:45 EST" duration-ms="25914">
    <groups>
    </groups>
    <test started-at="2020-11-13T16:30:20 EST" name="Default test" finished-at="2020-11-13T16:30:45 EST" duration-ms="25914">
      <class name="com.NewTest">
        <test-method signature="Test_MyLink()[pri:0, instance:com.NewTest@32910148]" started-at="2020-11-13T16:30:20 EST" name="Test_MyLink" finished-at="2020-11-13T16:30:27 EST" duration-ms="7794" status="PASS">
          <reporter-output>
          </reporter-output>
        </test-method> <!-- Test_MyLink -->
        <test-method signature="Test_ODA_HomePage()[pri:0, instance:com.NewTest@32910148]" started-at="2020-11-13T16:30:27 EST" name="Test_ODA_HomePage" finished-at="2020-11-13T16:30:32 EST" duration-ms="4305" status="PASS">
          <reporter-output>
          </reporter-output>
        </test-method> <!-- Test_ODA_HomePage -->
        <test-method signature="Test_ODA_Process_Workflow_Link()[pri:0, instance:com.NewTest@32910148]" started-at="2020-11-13T16:30:32 EST" name="Test_ODA_Process_Workflow_Link" finished-at="2020-11-13T16:30:37 EST" duration-ms="5365" status="PASS">
          <reporter-output>
          </reporter-output>
        </test-method> <!-- Test_ODA_Process_Workflow_Link -->
        <test-method signature="Test_ODA_RequestLink()[pri:0, instance:com.NewTest@32910148]" started-at="2020-11-13T16:30:37 EST" name="Test_ODA_RequestLink" finished-at="2020-11-13T16:30:45 EST" duration-ms="8359" status="PASS">
          <reporter-output>
          </reporter-output>
        </test-method> <!-- Test_ODA_RequestLink -->
      </class> <!-- com.NewTest -->
    </test> <!-- Default test -->
  </suite> <!-- Default suite -->
</testng-results>
